<?xml version="1.0" encoding="UTF-8"?>
<!-- Generated by org.testng.reporters.JUnitXMLReporter -->
<testsuite ignored="0" hostname="W105M5XVG3" failures="9" tests="26" name="Surefire test" time="30.341" errors="0" timestamp="2024-02-20T01:43:11 EET">
  <testcase classname="login.LoginTests" name="@AfterMethod checkPerformance" time="0.022">
    <failure type="java.lang.AssertionError" message="Time taken for testUserLogin to run test is: 5356 miliiseconds while expected time should be 2000 miliiseconds ">
      <![CDATA[java.lang.AssertionError: Time taken for testUserLogin to run test is: 5356 miliiseconds while expected time should be 2000 miliiseconds 
at login.LoginTests.checkPerformance(LoginTests.java:48)
at java.base/java.util.ArrayList.forEach(ArrayList.java:1541)
... Removed 37 stack frames]]>
    </failure>
  </testcase> <!-- @AfterMethod checkPerformance -->
  <testcase classname="base.BaseTests" name="@AfterClass tearDown" time="0.0">
    <skipped/>
  </testcase> <!-- @AfterClass tearDown -->
  <testcase classname="inventory.InventoryTests" name="testUserIsAbleToClickAddToCard" time="1.118"/>
  <testcase classname="inventory.InventoryTests" name="testUserIsAbleToClickAddToCard" time="0.759"/>
  <testcase classname="inventory.InventoryTests" name="testUserIsAbleToClickAddToCard" time="0.521">
    <failure type="java.lang.AssertionError" message="Add/Remove Button is not working">
      <![CDATA[java.lang.AssertionError: Add/Remove Button is not working
at inventory.InventoryTests.testUserIsAbleToClickAddToCard(InventoryTests.java:21)
at java.base/java.util.ArrayList.forEach(ArrayList.java:1541)
... Removed 32 stack frames]]>
    </failure>
  </testcase> <!-- testUserIsAbleToClickAddToCard -->
  <testcase classname="inventory.InventoryTests" name="testUserIsAbleToClickAddToCard" time="0.464">
    <failure type="java.lang.AssertionError" message="Add/Remove Button is not working">
      <![CDATA[java.lang.AssertionError: Add/Remove Button is not working
at inventory.InventoryTests.testUserIsAbleToClickAddToCard(InventoryTests.java:21)
at java.base/java.util.ArrayList.forEach(ArrayList.java:1541)
... Removed 32 stack frames]]>
    </failure>
  </testcase> <!-- testUserIsAbleToClickAddToCard -->
  <testcase classname="inventory.InventoryTests" name="testItemAddedFromCartContainer" time="0.426"/>
  <testcase classname="inventory.InventoryTests" name="testItemAddedFromCartContainer" time="0.464"/>
  <testcase classname="inventory.InventoryTests" name="testItemAddedFromCartContainer" time="0.366"/>
  <testcase classname="inventory.InventoryTests" name="testItemAddedFromCartContainer" time="0.375"/>
  <testcase classname="inventory.InventoryTests" name="testResetApp" time="0.594">
    <failure type="java.lang.AssertionError" message="App is not reset to its original state">
      <![CDATA[java.lang.AssertionError: App is not reset to its original state
at inventory.InventoryTests.testResetApp(InventoryTests.java:51)
at java.base/java.util.ArrayList.forEach(ArrayList.java:1541)
... Removed 32 stack frames]]>
    </failure>
  </testcase> <!-- testResetApp -->
  <testcase classname="inventory.InventoryTests" name="testResetApp" time="0.505">
    <failure type="java.lang.AssertionError" message="App is not reset to its original state">
      <![CDATA[java.lang.AssertionError: App is not reset to its original state
at inventory.InventoryTests.testResetApp(InventoryTests.java:51)
at java.base/java.util.ArrayList.forEach(ArrayList.java:1541)
... Removed 32 stack frames]]>
    </failure>
  </testcase> <!-- testResetApp -->
  <testcase classname="inventory.InventoryTests" name="testResetApp" time="0.488">
    <failure type="java.lang.AssertionError" message="App is not reset to its original state">
      <![CDATA[java.lang.AssertionError: App is not reset to its original state
at inventory.InventoryTests.testResetApp(InventoryTests.java:51)
at java.base/java.util.ArrayList.forEach(ArrayList.java:1541)
... Removed 32 stack frames]]>
    </failure>
  </testcase> <!-- testResetApp -->
  <testcase classname="inventory.InventoryTests" name="testResetApp" time="0.503">
    <failure type="java.lang.AssertionError" message="App is not reset to its original state">
      <![CDATA[java.lang.AssertionError: App is not reset to its original state
at inventory.InventoryTests.testResetApp(InventoryTests.java:51)
at java.base/java.util.ArrayList.forEach(ArrayList.java:1541)
... Removed 32 stack frames]]>
    </failure>
  </testcase> <!-- testResetApp -->
  <testcase classname="inventory.InventoryTests" name="testSort" time="0.472"/>
  <testcase classname="inventory.InventoryTests" name="testSort" time="0.428"/>
  <testcase classname="inventory.InventoryTests" name="testSort" time="0.411">
    <failure type="java.lang.AssertionError" message="Sort Filter is not working">
      <![CDATA[java.lang.AssertionError: Sort Filter is not working
at inventory.InventoryTests.testSort(InventoryTests.java:63)
at java.base/java.util.ArrayList.forEach(ArrayList.java:1541)
... Removed 32 stack frames]]>
    </failure>
  </testcase> <!-- testSort -->
  <testcase classname="inventory.InventoryTests" name="testSort" time="0.365">
    <failure type="java.lang.AssertionError" message="Sort dropdown is broken">
      <![CDATA[java.lang.AssertionError: Sort dropdown is broken
at inventory.InventoryTests.testSort(InventoryTests.java:65)
at java.base/java.util.ArrayList.forEach(ArrayList.java:1541)
... Removed 32 stack frames]]>
    </failure>
  </testcase> <!-- testSort -->
  <testcase classname="inventory.InventoryTests" name="testCartStyle" time="0.27"/>
  <testcase classname="inventory.InventoryTests" name="testCartStyle" time="0.214">
    <failure type="java.lang.AssertionError" message="Css style is not correct">
      <![CDATA[java.lang.AssertionError: Css style is not correct
at inventory.InventoryTests.testCartStyle(InventoryTests.java:76)
at java.base/java.util.ArrayList.forEach(ArrayList.java:1541)
... Removed 32 stack frames]]>
    </failure>
  </testcase> <!-- testCartStyle -->
  <testcase classname="inventory.InventoryTests" name="testCartStyle" time="0.22"/>
  <testcase classname="inventory.InventoryTests" name="testCartStyle" time="0.24"/>
  <testcase classname="login.LoginTests" name="testLockedUserLogin" time="0.636"/>
  <testcase classname="login.LoginTests" name="testUserLogin" time="0.5"/>
  <testcase classname="login.LoginTests" name="testUserLogin" time="0.581"/>
  <testcase classname="login.LoginTests" name="testUserLogin" time="0.423"/>
  <testcase classname="login.LoginTests" name="testUserLogin" time="0.407"/>
  <testcase classname="login.LoginTests" name="testUserLogin" time="5.356"/>
</testsuite> <!-- Surefire test -->
