<?xml version="1.0" encoding="UTF-8"?>
<!-- Generated by org.testng.reporters.JUnitXMLReporter -->
<testsuite ignored="0" hostname="W105M5XVG3" failures="10" tests="30" name="Surefire test" time="63.594" errors="0" timestamp="2024-02-22T03:12:39 EET">
  <testcase classname="login.LoginTests" name="@AfterMethod checkPerformance" time="0.006">
    <failure type="java.lang.AssertionError" message="Time taken for testUserLogin to run test is: 5403 miliiseconds while expected time should be 2000 miliiseconds ">
      <![CDATA[java.lang.AssertionError: Time taken for testUserLogin to run test is: 5403 miliiseconds while expected time should be 2000 miliiseconds 
at login.LoginTests.checkPerformance(LoginTests.java:48)
at java.base/java.util.ArrayList.forEach(ArrayList.java:1541)
... Removed 37 stack frames]]>
    </failure>
  </testcase> <!-- @AfterMethod checkPerformance -->
  <testcase classname="base.BaseTests" name="@AfterClass tearDown" time="0.0">
    <skipped/>
  </testcase> <!-- @AfterClass tearDown -->
  <testcase classname="api.GetProductsTests" name="request_Product_Page_Size" time="3.303"/>
  <testcase classname="api.GetProductsTests" name="request_Product_Page_Size" time="1.014"/>
  <testcase classname="api.GetProductsTests" name="request_Product_Page_Size" time="0.986"/>
  <testcase classname="api.GetProductsTests" name="request_Product_Page_Size" time="26.124">
    <failure type="java.lang.AssertionError" message="Status code is not correct 502 io.restassured.internal.RestAssuredResponseImpl@4860827a">
      <![CDATA[java.lang.AssertionError: Status code is not correct 502 io.restassured.internal.RestAssuredResponseImpl@4860827a
at api.GetProductsTests.request_Product_Page_Size(GetProductsTests.java:40)
at java.base/java.util.ArrayList.forEach(ArrayList.java:1541)
... Removed 32 stack frames]]>
    </failure>
  </testcase> <!-- request_Product_Page_Size -->
  <testcase classname="inventory.InventoryTests" name="testUserIsAbleToClickAddToCard" time="1.202"/>
  <testcase classname="inventory.InventoryTests" name="testUserIsAbleToClickAddToCard" time="1.124"/>
  <testcase classname="inventory.InventoryTests" name="testUserIsAbleToClickAddToCard" time="0.551">
    <failure type="java.lang.AssertionError" message="Add/Remove Button is not working">
      <![CDATA[java.lang.AssertionError: Add/Remove Button is not working
at inventory.InventoryTests.testUserIsAbleToClickAddToCard(InventoryTests.java:21)
at java.base/java.util.ArrayList.forEach(ArrayList.java:1541)
... Removed 32 stack frames]]>
    </failure>
  </testcase> <!-- testUserIsAbleToClickAddToCard -->
  <testcase classname="inventory.InventoryTests" name="testUserIsAbleToClickAddToCard" time="0.44">
    <failure type="java.lang.AssertionError" message="Add/Remove Button is not working">
      <![CDATA[java.lang.AssertionError: Add/Remove Button is not working
at inventory.InventoryTests.testUserIsAbleToClickAddToCard(InventoryTests.java:21)
at java.base/java.util.ArrayList.forEach(ArrayList.java:1541)
... Removed 32 stack frames]]>
    </failure>
  </testcase> <!-- testUserIsAbleToClickAddToCard -->
  <testcase classname="inventory.InventoryTests" name="testItemAddedFromCartContainer" time="0.444"/>
  <testcase classname="inventory.InventoryTests" name="testItemAddedFromCartContainer" time="0.395"/>
  <testcase classname="inventory.InventoryTests" name="testItemAddedFromCartContainer" time="0.348"/>
  <testcase classname="inventory.InventoryTests" name="testItemAddedFromCartContainer" time="0.373"/>
  <testcase classname="inventory.InventoryTests" name="testResetApp" time="0.621">
    <failure type="java.lang.AssertionError" message="App is not reset to its original state">
      <![CDATA[java.lang.AssertionError: App is not reset to its original state
at inventory.InventoryTests.testResetApp(InventoryTests.java:51)
at java.base/java.util.ArrayList.forEach(ArrayList.java:1541)
... Removed 32 stack frames]]>
    </failure>
  </testcase> <!-- testResetApp -->
  <testcase classname="inventory.InventoryTests" name="testResetApp" time="0.581">
    <failure type="java.lang.AssertionError" message="App is not reset to its original state">
      <![CDATA[java.lang.AssertionError: App is not reset to its original state
at inventory.InventoryTests.testResetApp(InventoryTests.java:51)
at java.base/java.util.ArrayList.forEach(ArrayList.java:1541)
... Removed 32 stack frames]]>
    </failure>
  </testcase> <!-- testResetApp -->
  <testcase classname="inventory.InventoryTests" name="testResetApp" time="0.625">
    <failure type="java.lang.AssertionError" message="App is not reset to its original state">
      <![CDATA[java.lang.AssertionError: App is not reset to its original state
at inventory.InventoryTests.testResetApp(InventoryTests.java:51)
at java.base/java.util.ArrayList.forEach(ArrayList.java:1541)
... Removed 32 stack frames]]>
    </failure>
  </testcase> <!-- testResetApp -->
  <testcase classname="inventory.InventoryTests" name="testResetApp" time="0.596">
    <failure type="java.lang.AssertionError" message="App is not reset to its original state">
      <![CDATA[java.lang.AssertionError: App is not reset to its original state
at inventory.InventoryTests.testResetApp(InventoryTests.java:51)
at java.base/java.util.ArrayList.forEach(ArrayList.java:1541)
... Removed 32 stack frames]]>
    </failure>
  </testcase> <!-- testResetApp -->
  <testcase classname="inventory.InventoryTests" name="testSort" time="0.575"/>
  <testcase classname="inventory.InventoryTests" name="testSort" time="0.446"/>
  <testcase classname="inventory.InventoryTests" name="testSort" time="0.402">
    <failure type="java.lang.AssertionError" message="Sort Filter is not working">
      <![CDATA[java.lang.AssertionError: Sort Filter is not working
at inventory.InventoryTests.testSort(InventoryTests.java:63)
at java.base/java.util.ArrayList.forEach(ArrayList.java:1541)
... Removed 32 stack frames]]>
    </failure>
  </testcase> <!-- testSort -->
  <testcase classname="inventory.InventoryTests" name="testSort" time="0.316">
    <failure type="java.lang.AssertionError" message="Sort dropdown is broken">
      <![CDATA[java.lang.AssertionError: Sort dropdown is broken
at inventory.InventoryTests.testSort(InventoryTests.java:65)
at java.base/java.util.ArrayList.forEach(ArrayList.java:1541)
... Removed 32 stack frames]]>
    </failure>
  </testcase> <!-- testSort -->
  <testcase classname="inventory.InventoryTests" name="testCartStyle" time="0.219"/>
  <testcase classname="inventory.InventoryTests" name="testCartStyle" time="0.176">
    <failure type="java.lang.AssertionError" message="Css style is not correct">
      <![CDATA[java.lang.AssertionError: Css style is not correct
at inventory.InventoryTests.testCartStyle(InventoryTests.java:76)
at java.base/java.util.ArrayList.forEach(ArrayList.java:1541)
... Removed 32 stack frames]]>
    </failure>
  </testcase> <!-- testCartStyle -->
  <testcase classname="inventory.InventoryTests" name="testCartStyle" time="0.274"/>
  <testcase classname="inventory.InventoryTests" name="testCartStyle" time="0.227"/>
  <testcase classname="login.LoginTests" name="testLockedUserLogin" time="0.813"/>
  <testcase classname="login.LoginTests" name="testUserLogin" time="0.449"/>
  <testcase classname="login.LoginTests" name="testUserLogin" time="0.493"/>
  <testcase classname="login.LoginTests" name="testUserLogin" time="0.447"/>
  <testcase classname="login.LoginTests" name="testUserLogin" time="0.456"/>
  <testcase classname="login.LoginTests" name="testUserLogin" time="5.403"/>
</testsuite> <!-- Surefire test -->
